[2024-04-07T05:03:43.399+0000] {taskinstance.py:1979} INFO - Dependencies all met for dep_context=non-requeueable deps ti=<TaskInstance: batch_etl.ingest.individual_ingest_movies_casts.loadingmovies_casts manual__2024-04-07T05:03:33.401239+00:00 [queued]>
[2024-04-07T05:03:43.407+0000] {taskinstance.py:1979} INFO - Dependencies all met for dep_context=requeueable deps ti=<TaskInstance: batch_etl.ingest.individual_ingest_movies_casts.loadingmovies_casts manual__2024-04-07T05:03:33.401239+00:00 [queued]>
[2024-04-07T05:03:43.408+0000] {taskinstance.py:2193} INFO - Starting attempt 1 of 1
[2024-04-07T05:03:43.417+0000] {taskinstance.py:2217} INFO - Executing <Task(PythonOperator): ingest.individual_ingest_movies_casts.loadingmovies_casts> on 2024-04-07 05:03:33.401239+00:00
[2024-04-07T05:03:43.426+0000] {standard_task_runner.py:60} INFO - Started process 6697 to run task
[2024-04-07T05:03:43.432+0000] {standard_task_runner.py:87} INFO - Running: ['***', 'tasks', 'run', 'batch_etl', 'ingest.individual_ingest_movies_casts.loadingmovies_casts', 'manual__2024-04-07T05:03:33.401239+00:00', '--job-id', '336', '--raw', '--subdir', 'DAGS_FOLDER/batch_etl_dag.py', '--cfg-path', '/tmp/tmpiic41o3m']
[2024-04-07T05:03:43.439+0000] {standard_task_runner.py:88} INFO - Job 336: Subtask ingest.individual_ingest_movies_casts.loadingmovies_casts
[2024-04-07T05:03:43.496+0000] {task_command.py:423} INFO - Running <TaskInstance: batch_etl.ingest.individual_ingest_movies_casts.loadingmovies_casts manual__2024-04-07T05:03:33.401239+00:00 [running]> on host befaceac7652
[2024-04-07T05:03:43.562+0000] {taskinstance.py:2513} INFO - Exporting env vars: AIRFLOW_CTX_DAG_OWNER='***' AIRFLOW_CTX_DAG_ID='batch_etl' AIRFLOW_CTX_TASK_ID='ingest.individual_ingest_movies_casts.loadingmovies_casts' AIRFLOW_CTX_EXECUTION_DATE='2024-04-07T05:03:33.401239+00:00' AIRFLOW_CTX_TRY_NUMBER='1' AIRFLOW_CTX_DAG_RUN_ID='manual__2024-04-07T05:03:33.401239+00:00'
[2024-04-07T05:03:43.565+0000] {warehouse.py:138} INFO - title=@title, director=@director, cast=@cast, country=@country, date_added=@date_added, release_year=@release_year
[2024-04-07T05:03:43.565+0000] {warehouse.py:150} INFO - 
        LOAD DATA LOCAL INFILE '/opt/***/tmp/movies_casts/netflix_titles.csv'
        INTO TABLE 
            movies_casts
        IGNORE 1 LINES
        (@id, @type, @title, @director, @cast, @country, @date_added, @release_year, @rating, @duration, @listed_in, @description) 
        SET 
            title=@title, director=@director, cast=@cast, country=@country, date_added=@date_added, release_year=@release_year
        ;
    
[2024-04-07T05:03:43.565+0000] {warehouse.py:75} INFO - {'host': 'host.docker.internal', 'user': 'root', 'password': '***', 'database': 'datawarehouse', 'allow_local_infile': True}
[2024-04-07T05:03:43.743+0000] {warehouse.py:95} INFO - SUCCESSFULLY EXECUTED QUERIES
[2024-04-07T05:03:43.744+0000] {python.py:202} INFO - Done. Returned value was: None
[2024-04-07T05:03:43.752+0000] {taskinstance.py:1149} INFO - Marking task as SUCCESS. dag_id=batch_etl, task_id=ingest.individual_ingest_movies_casts.loadingmovies_casts, execution_date=20240407T050333, start_date=20240407T050343, end_date=20240407T050343
[2024-04-07T05:03:43.825+0000] {local_task_job_runner.py:234} INFO - Task exited with return code 0
[2024-04-07T05:03:43.842+0000] {taskinstance.py:3312} INFO - 0 downstream tasks scheduled from follow-on schedule check
