[2024-04-07T07:45:10.036+0000] {taskinstance.py:1979} INFO - Dependencies all met for dep_context=non-requeueable deps ti=<TaskInstance: batch_etl.ingest.individual_ingest_movies_rating.loadingmovies_rating manual__2024-04-07T07:44:48.897498+00:00 [queued]>
[2024-04-07T07:45:10.042+0000] {taskinstance.py:1979} INFO - Dependencies all met for dep_context=requeueable deps ti=<TaskInstance: batch_etl.ingest.individual_ingest_movies_rating.loadingmovies_rating manual__2024-04-07T07:44:48.897498+00:00 [queued]>
[2024-04-07T07:45:10.043+0000] {taskinstance.py:2193} INFO - Starting attempt 1 of 1
[2024-04-07T07:45:10.049+0000] {taskinstance.py:2217} INFO - Executing <Task(PythonOperator): ingest.individual_ingest_movies_rating.loadingmovies_rating> on 2024-04-07 07:44:48.897498+00:00
[2024-04-07T07:45:10.054+0000] {standard_task_runner.py:60} INFO - Started process 341 to run task
[2024-04-07T07:45:10.056+0000] {standard_task_runner.py:87} INFO - Running: ['***', 'tasks', 'run', 'batch_etl', 'ingest.individual_ingest_movies_rating.loadingmovies_rating', 'manual__2024-04-07T07:44:48.897498+00:00', '--job-id', '22', '--raw', '--subdir', 'DAGS_FOLDER/batch_etl_dag.py', '--cfg-path', '/tmp/tmpo39kpau2']
[2024-04-07T07:45:10.059+0000] {standard_task_runner.py:88} INFO - Job 22: Subtask ingest.individual_ingest_movies_rating.loadingmovies_rating
[2024-04-07T07:45:10.104+0000] {task_command.py:423} INFO - Running <TaskInstance: batch_etl.ingest.individual_ingest_movies_rating.loadingmovies_rating manual__2024-04-07T07:44:48.897498+00:00 [running]> on host ea99b2a4c9f6
[2024-04-07T07:45:10.200+0000] {taskinstance.py:2513} INFO - Exporting env vars: AIRFLOW_CTX_DAG_OWNER='***' AIRFLOW_CTX_DAG_ID='batch_etl' AIRFLOW_CTX_TASK_ID='ingest.individual_ingest_movies_rating.loadingmovies_rating' AIRFLOW_CTX_EXECUTION_DATE='2024-04-07T07:44:48.897498+00:00' AIRFLOW_CTX_TRY_NUMBER='1' AIRFLOW_CTX_DAG_RUN_ID='manual__2024-04-07T07:44:48.897498+00:00'
[2024-04-07T07:45:10.202+0000] {warehouse.py:138} INFO - title=@original_title, show_rating=@vote_average, popularity=@popularity, total_votes=@vote_count, release_date=@release_date, genres=@genres, adult=@adult, description=@overview, languages=@spoken_languages, keywords=@keywords
[2024-04-07T07:45:10.202+0000] {warehouse.py:153} INFO - 
        LOAD DATA LOCAL INFILE '/opt/***/tmp/movies_rating/TMDB_movie_dataset_v11.csv'
        INTO TABLE 
            movies_rating
        FIELDS TERMINATED BY ","  -- Adjust based on your file format
        OPTIONALLY ENCLOSED BY '"'
        LINES TERMINATED BY "\n"  -- Adjust line terminator if needed
        IGNORE 1 LINES
        (@id, @title, @vote_average, @vote_count, @status, @release_date, @revenue, @runtime, @adult, @backdrop_path, @budget, @homepage, @imdb_id, @original_language, @original_title, @overview, @popularity, @poster_path, @tagline, @genres, @production_companies, @production_countries, @spoken_languages, @keywords) 
        SET 
            title=@original_title, show_rating=@vote_average, popularity=@popularity, total_votes=@vote_count, release_date=@release_date, genres=@genres, adult=@adult, description=@overview, languages=@spoken_languages, keywords=@keywords
        ;
    
[2024-04-07T07:45:10.202+0000] {warehouse.py:75} INFO - {'host': 'host.docker.internal', 'user': 'root', 'password': '***', 'database': 'datawarehouse', 'allow_local_infile': True}
[2024-04-07T07:45:44.918+0000] {warehouse.py:95} INFO - SUCCESSFULLY EXECUTED QUERIES
[2024-04-07T07:45:44.924+0000] {python.py:202} INFO - Done. Returned value was: None
[2024-04-07T07:45:44.950+0000] {taskinstance.py:1149} INFO - Marking task as SUCCESS. dag_id=batch_etl, task_id=ingest.individual_ingest_movies_rating.loadingmovies_rating, execution_date=20240407T074448, start_date=20240407T074510, end_date=20240407T074544
[2024-04-07T07:45:44.987+0000] {local_task_job_runner.py:234} INFO - Task exited with return code 0
[2024-04-07T07:45:45.024+0000] {taskinstance.py:3312} INFO - 1 downstream tasks scheduled from follow-on schedule check
