[2024-04-07T03:21:11.388+0000] {taskinstance.py:1979} INFO - Dependencies all met for dep_context=non-requeueable deps ti=<TaskInstance: sql_migration_dag.set_up_datawarehouse manual__2024-04-07T03:20:36.869041+00:00 [queued]>
[2024-04-07T03:21:11.394+0000] {taskinstance.py:1979} INFO - Dependencies all met for dep_context=requeueable deps ti=<TaskInstance: sql_migration_dag.set_up_datawarehouse manual__2024-04-07T03:20:36.869041+00:00 [queued]>
[2024-04-07T03:21:11.395+0000] {taskinstance.py:2193} INFO - Starting attempt 2 of 2
[2024-04-07T03:21:11.401+0000] {taskinstance.py:2217} INFO - Executing <Task(_PythonDecoratedOperator): set_up_datawarehouse> on 2024-04-07 03:20:36.869041+00:00
[2024-04-07T03:21:11.404+0000] {standard_task_runner.py:60} INFO - Started process 163 to run task
[2024-04-07T03:21:11.406+0000] {standard_task_runner.py:87} INFO - Running: ['***', 'tasks', 'run', 'sql_migration_dag', 'set_up_datawarehouse', 'manual__2024-04-07T03:20:36.869041+00:00', '--job-id', '41', '--raw', '--subdir', 'DAGS_FOLDER/db_migration_dag.py', '--cfg-path', '/tmp/tmpc2qybsdx']
[2024-04-07T03:21:11.407+0000] {standard_task_runner.py:88} INFO - Job 41: Subtask set_up_datawarehouse
[2024-04-07T03:21:11.430+0000] {task_command.py:423} INFO - Running <TaskInstance: sql_migration_dag.set_up_datawarehouse manual__2024-04-07T03:20:36.869041+00:00 [running]> on host befaceac7652
[2024-04-07T03:21:11.465+0000] {taskinstance.py:2513} INFO - Exporting env vars: AIRFLOW_CTX_DAG_OWNER='***' AIRFLOW_CTX_DAG_ID='sql_migration_dag' AIRFLOW_CTX_TASK_ID='set_up_datawarehouse' AIRFLOW_CTX_EXECUTION_DATE='2024-04-07T03:20:36.869041+00:00' AIRFLOW_CTX_TRY_NUMBER='2' AIRFLOW_CTX_DAG_RUN_ID='manual__2024-04-07T03:20:36.869041+00:00'
[2024-04-07T03:21:11.570+0000] {warehouse.py:75} ERROR - 1046 (3D000): No database selected
[2024-04-07T03:21:11.599+0000] {warehouse.py:75} ERROR - 1064 (42000): You have an error in your SQL syntax; check the manual that corresponds to your MySQL server version for the right syntax to use near ')' at line 8
[2024-04-07T03:21:11.664+0000] {warehouse.py:75} ERROR - 1046 (3D000): No database selected
[2024-04-07T03:21:11.695+0000] {warehouse.py:75} ERROR - 1064 (42000): You have an error in your SQL syntax; check the manual that corresponds to your MySQL server version for the right syntax to use near ')' at line 8
[2024-04-07T03:21:11.727+0000] {warehouse.py:38} ERROR - Error while creating/dropping databases!
[2024-04-07T03:21:11.759+0000] {warehouse.py:75} ERROR - 1046 (3D000): No database selected
[2024-04-07T03:21:11.792+0000] {warehouse.py:75} ERROR - 1064 (42000): You have an error in your SQL syntax; check the manual that corresponds to your MySQL server version for the right syntax to use near ')' at line 8
[2024-04-07T03:21:11.793+0000] {python.py:202} INFO - Done. Returned value was: None
[2024-04-07T03:21:11.798+0000] {taskinstance.py:1149} INFO - Marking task as SUCCESS. dag_id=sql_migration_dag, task_id=set_up_datawarehouse, execution_date=20240407T032036, start_date=20240407T032111, end_date=20240407T032111
[2024-04-07T03:21:11.830+0000] {local_task_job_runner.py:234} INFO - Task exited with return code 0
[2024-04-07T03:21:11.844+0000] {taskinstance.py:3312} INFO - 1 downstream tasks scheduled from follow-on schedule check
