[2024-04-07T04:57:11.054+0000] {taskinstance.py:1979} INFO - Dependencies all met for dep_context=non-requeueable deps ti=<TaskInstance: batch_etl.ingest.individual_ingest_movies_rating.loadingmovies_rating manual__2024-04-07T04:56:49.097303+00:00 [queued]>
[2024-04-07T04:57:11.060+0000] {taskinstance.py:1979} INFO - Dependencies all met for dep_context=requeueable deps ti=<TaskInstance: batch_etl.ingest.individual_ingest_movies_rating.loadingmovies_rating manual__2024-04-07T04:56:49.097303+00:00 [queued]>
[2024-04-07T04:57:11.061+0000] {taskinstance.py:2193} INFO - Starting attempt 1 of 1
[2024-04-07T04:57:11.067+0000] {taskinstance.py:2217} INFO - Executing <Task(PythonOperator): ingest.individual_ingest_movies_rating.loadingmovies_rating> on 2024-04-07 04:56:49.097303+00:00
[2024-04-07T04:57:11.071+0000] {standard_task_runner.py:60} INFO - Started process 6276 to run task
[2024-04-07T04:57:11.074+0000] {standard_task_runner.py:87} INFO - Running: ['***', 'tasks', 'run', 'batch_etl', 'ingest.individual_ingest_movies_rating.loadingmovies_rating', 'manual__2024-04-07T04:56:49.097303+00:00', '--job-id', '320', '--raw', '--subdir', 'DAGS_FOLDER/batch_etl_dag.py', '--cfg-path', '/tmp/tmpt9v3lw7v']
[2024-04-07T04:57:11.076+0000] {standard_task_runner.py:88} INFO - Job 320: Subtask ingest.individual_ingest_movies_rating.loadingmovies_rating
[2024-04-07T04:57:11.115+0000] {task_command.py:423} INFO - Running <TaskInstance: batch_etl.ingest.individual_ingest_movies_rating.loadingmovies_rating manual__2024-04-07T04:56:49.097303+00:00 [running]> on host befaceac7652
[2024-04-07T04:57:11.178+0000] {taskinstance.py:2513} INFO - Exporting env vars: AIRFLOW_CTX_DAG_OWNER='***' AIRFLOW_CTX_DAG_ID='batch_etl' AIRFLOW_CTX_TASK_ID='ingest.individual_ingest_movies_rating.loadingmovies_rating' AIRFLOW_CTX_EXECUTION_DATE='2024-04-07T04:56:49.097303+00:00' AIRFLOW_CTX_TRY_NUMBER='1' AIRFLOW_CTX_DAG_RUN_ID='manual__2024-04-07T04:56:49.097303+00:00'
[2024-04-07T04:57:11.179+0000] {warehouse.py:138} INFO - title=@original_title, show_rating=@vote_average, popularity=@popularity, total_votes=@vote_count, release_date=@release_date, genres=@genres, adult=@adult, description=@overview, languages=@spoken_languages, keywords=@keywords
[2024-04-07T04:57:11.180+0000] {warehouse.py:152} INFO - 
        LOAD DATA LOCAL INFILE '/opt/***/tmp/movies_rating/TMDB_movie_dataset_v11.csv'
        INTO TABLE 
            movies_rating
        FIELDS TERMINATED BY ','  -- Adjust based on your file format
        LINES TERMINATED BY '\n'  -- Adjust line terminator if needed
        IGNORE 1 LINES
        (@id, @title, @vote_average, @vote_count, @status, @release_date, @revenue, @runtime, @adult, @backdrop_path, @budget, @homepage, @imdb_id, @original_language, @original_title, @overview, @popularity, @poster_path, @tagline, @genres, @production_companies, @production_countries, @spoken_languages, @keywords) 
        SET 
            title=@original_title, show_rating=@vote_average, popularity=@popularity, total_votes=@vote_count, release_date=@release_date, genres=@genres, adult=@adult, description=@overview, languages=@spoken_languages, keywords=@keywords
        ;
    
[2024-04-07T04:57:11.180+0000] {warehouse.py:75} INFO - {'host': 'host.docker.internal', 'user': 'root', 'password': '***', 'database': 'datawarehouse', 'allow_local_infile': True}
[2024-04-07T04:57:11.232+0000] {warehouse.py:92} ERROR - 1054 (42S22): Unknown column 'description' in 'field list'
[2024-04-07T04:57:11.233+0000] {python.py:202} INFO - Done. Returned value was: None
[2024-04-07T04:57:11.240+0000] {taskinstance.py:1149} INFO - Marking task as SUCCESS. dag_id=batch_etl, task_id=ingest.individual_ingest_movies_rating.loadingmovies_rating, execution_date=20240407T045649, start_date=20240407T045711, end_date=20240407T045711
[2024-04-07T04:57:11.253+0000] {local_task_job_runner.py:234} INFO - Task exited with return code 0
[2024-04-07T04:57:11.274+0000] {taskinstance.py:3312} INFO - 0 downstream tasks scheduled from follow-on schedule check
