[2024-04-07T05:07:05.905+0000] {taskinstance.py:1979} INFO - Dependencies all met for dep_context=non-requeueable deps ti=<TaskInstance: batch_etl.ingest.individual_ingest_movies_finance.loadingmovies_finance manual__2024-04-07T05:06:35.583455+00:00 [queued]>
[2024-04-07T05:07:05.912+0000] {taskinstance.py:1979} INFO - Dependencies all met for dep_context=requeueable deps ti=<TaskInstance: batch_etl.ingest.individual_ingest_movies_finance.loadingmovies_finance manual__2024-04-07T05:06:35.583455+00:00 [queued]>
[2024-04-07T05:07:05.916+0000] {taskinstance.py:2193} INFO - Starting attempt 1 of 1
[2024-04-07T05:07:05.942+0000] {taskinstance.py:2217} INFO - Executing <Task(PythonOperator): ingest.individual_ingest_movies_finance.loadingmovies_finance> on 2024-04-07 05:06:35.583455+00:00
[2024-04-07T05:07:05.952+0000] {standard_task_runner.py:60} INFO - Started process 7197 to run task
[2024-04-07T05:07:05.961+0000] {standard_task_runner.py:87} INFO - Running: ['***', 'tasks', 'run', 'batch_etl', 'ingest.individual_ingest_movies_finance.loadingmovies_finance', 'manual__2024-04-07T05:06:35.583455+00:00', '--job-id', '361', '--raw', '--subdir', 'DAGS_FOLDER/batch_etl_dag.py', '--cfg-path', '/tmp/tmp8wsm5vfq']
[2024-04-07T05:07:05.969+0000] {standard_task_runner.py:88} INFO - Job 361: Subtask ingest.individual_ingest_movies_finance.loadingmovies_finance
[2024-04-07T05:07:06.068+0000] {task_command.py:423} INFO - Running <TaskInstance: batch_etl.ingest.individual_ingest_movies_finance.loadingmovies_finance manual__2024-04-07T05:06:35.583455+00:00 [running]> on host befaceac7652
[2024-04-07T05:07:06.280+0000] {taskinstance.py:2513} INFO - Exporting env vars: AIRFLOW_CTX_DAG_OWNER='***' AIRFLOW_CTX_DAG_ID='batch_etl' AIRFLOW_CTX_TASK_ID='ingest.individual_ingest_movies_finance.loadingmovies_finance' AIRFLOW_CTX_EXECUTION_DATE='2024-04-07T05:06:35.583455+00:00' AIRFLOW_CTX_TRY_NUMBER='1' AIRFLOW_CTX_DAG_RUN_ID='manual__2024-04-07T05:06:35.583455+00:00'
[2024-04-07T05:07:06.283+0000] {warehouse.py:138} INFO - title=@original_title, revenue=@revenue, budget=@budget, production_companies=@production_companies, production_countries=@production_countries
[2024-04-07T05:07:06.284+0000] {warehouse.py:150} INFO - 
        LOAD DATA LOCAL INFILE '/opt/***/tmp/movies_finance/TMDB_movie_dataset_v11.csv'
        INTO TABLE 
            movies_finance
        IGNORE 1 LINES
        (@id, @title, @vote_average, @vote_count, @status, @release_date, @revenue, @runtime, @adult, @backdrop_path, @budget, @homepage, @imdb_id, @original_language, @original_title, @overview, @popularity, @poster_path, @tagline, @genres, @production_companies, @production_countries, @spoken_languages, @keywords) 
        SET 
            title=@original_title, revenue=@revenue, budget=@budget, production_companies=@production_companies, production_countries=@production_countries
        ;
    
[2024-04-07T05:07:06.284+0000] {warehouse.py:75} INFO - {'host': 'host.docker.internal', 'user': 'root', 'password': '***', 'database': 'datawarehouse', 'allow_local_infile': True}
[2024-04-07T05:07:13.897+0000] {warehouse.py:95} INFO - SUCCESSFULLY EXECUTED QUERIES
[2024-04-07T05:07:13.904+0000] {python.py:202} INFO - Done. Returned value was: None
[2024-04-07T05:07:13.929+0000] {taskinstance.py:1149} INFO - Marking task as SUCCESS. dag_id=batch_etl, task_id=ingest.individual_ingest_movies_finance.loadingmovies_finance, execution_date=20240407T050635, start_date=20240407T050705, end_date=20240407T050713
[2024-04-07T05:07:13.984+0000] {local_task_job_runner.py:234} INFO - Task exited with return code 0
[2024-04-07T05:07:14.011+0000] {taskinstance.py:3312} INFO - 1 downstream tasks scheduled from follow-on schedule check
